<?xml version="1.0" encoding="UTF-8"?>
<testng-results skipped="0" failed="0" total="1" passed="1">
  <reporter-output>
  </reporter-output>
  <suite name="Automation" duration-ms="117117" started-at="2021-01-29T03:41:52Z" finished-at="2021-01-29T03:43:50Z">
    <groups>
    </groups>
    <test name="CHROME on WINDOWS LOCAL" duration-ms="117117" started-at="2021-01-29T03:41:52Z" finished-at="2021-01-29T03:43:50Z">
      <class name="com.automation.scripts.SearchFlight">
        <test-method status="PASS" signature="beforeSuite(org.testng.ITestContext, java.lang.String, java.lang.String)[pri:0, instance:com.automation.scripts.SearchFlight@770c2e6b]" name="beforeSuite" is-config="true" duration-ms="105" started-at="2021-01-29T09:11:52Z" finished-at="2021-01-29T09:11:52Z">
          <params>
            <param index="0">
              <value>
                <![CDATA[org.testng.TestRunner@501edcf1]]>
              </value>
            </param>
            <param index="1">
              <value>
                <![CDATA[Sequential]]>
              </value>
            </param>
            <param index="2">
              <value>
                <![CDATA[Regression]]>
              </value>
            </param>
          </params>
          <reporter-output>
          </reporter-output>
        </test-method> <!-- beforeSuite -->
        <test-method status="PASS" signature="beforeTest(java.lang.String, java.lang.String, java.lang.String, java.lang.String, java.lang.String)[pri:0, instance:com.automation.scripts.SearchFlight@770c2e6b]" name="beforeTest" is-config="true" duration-ms="37498" started-at="2021-01-29T09:11:52Z" finished-at="2021-01-29T09:12:30Z">
          <params>
            <param index="0">
              <value>
                <![CDATA[Selenium]]>
              </value>
            </param>
            <param index="1">
              <value>
                <![CDATA[chrome]]>
              </value>
            </param>
            <param index="2">
              <value>
                <![CDATA[80]]>
              </value>
            </param>
            <param index="3">
              <value>
                <![CDATA[local]]>
              </value>
            </param>
            <param index="4">
              <value>
                <![CDATA[Windows 10]]>
              </value>
            </param>
          </params>
          <reporter-output>
          </reporter-output>
        </test-method> <!-- beforeTest -->
        <test-method status="PASS" signature="beforeMethod(java.lang.reflect.Method)[pri:0, instance:com.automation.scripts.SearchFlight@770c2e6b]" name="beforeMethod" is-config="true" duration-ms="121" started-at="2021-01-29T09:12:30Z" finished-at="2021-01-29T09:12:30Z">
          <params>
            <param index="0">
              <value>
                <![CDATA[public void com.automation.scripts.SearchFlight.searchFlight() throws java.lang.Throwable]]>
              </value>
            </param>
          </params>
          <reporter-output>
          </reporter-output>
        </test-method> <!-- beforeMethod -->
        <test-method status="PASS" signature="searchFlight()[pri:0, instance:com.automation.scripts.SearchFlight@770c2e6b]" name="searchFlight" duration-ms="65558" started-at="2021-01-29T09:12:30Z" finished-at="2021-01-29T09:13:36Z">
          <reporter-output>
          </reporter-output>
        </test-method> <!-- searchFlight -->
        <test-method status="PASS" signature="afterMethod()[pri:0, instance:com.automation.scripts.SearchFlight@770c2e6b]" name="afterMethod" is-config="true" duration-ms="3" started-at="2021-01-29T09:13:36Z" finished-at="2021-01-29T09:13:36Z">
          <reporter-output>
          </reporter-output>
        </test-method> <!-- afterMethod -->
        <test-method status="PASS" signature="afterTest(java.lang.String)[pri:0, instance:com.automation.scripts.SearchFlight@770c2e6b]" name="afterTest" is-config="true" duration-ms="13865" started-at="2021-01-29T09:13:36Z" finished-at="2021-01-29T09:13:50Z">
          <params>
            <param index="0">
              <value>
                <![CDATA[chrome]]>
              </value>
            </param>
          </params>
          <reporter-output>
          </reporter-output>
        </test-method> <!-- afterTest -->
      </class> <!-- com.automation.scripts.SearchFlight -->
    </test> <!-- CHROME on WINDOWS LOCAL -->
  </suite> <!-- Automation -->
</testng-results>
